Starting a Gradle Daemon, 38 busy Daemons could not be reused, use --status for details
> Task :compileJava UP-TO-DATE
> Task :processResources UP-TO-DATE
> Task :classes UP-TO-DATE
> Task :resolveMainClassName UP-TO-DATE

> Task :bootRun

  .   ____          _            __ _ _
 /\\ / ___'_ __ _ _(_)_ __  __ _ \ \ \ \
( ( )\___ | '_ | '_| | '_ \/ _` | \ \ \ \
 \\/  ___)| |_)| | | | | || (_| |  ) ) ) )
  '  |____| .__|_| |_|_| |_\__, | / / / /
 =========|_|==============|___/=/_/_/_/

 :: Spring Boot ::                (v4.0.6)

2026-06-29T10:03:41.481Z  INFO 9220 --- [Karnam] [           main] com.example.Karnam.KarnamApplication     : Starting KarnamApplication using Java 25.0.3 with PID 9220 (/home/anand_yasheswi/Karnam/Karnam-back/build/classes/java/main started by anand_yasheswi in /home/anand_yasheswi/Karnam/Karnam-back)
2026-06-29T10:03:41.484Z  INFO 9220 --- [Karnam] [           main] com.example.Karnam.KarnamApplication     : No active profile set, falling back to 1 default profile: "default"
2026-06-29T10:03:42.387Z  INFO 9220 --- [Karnam] [           main] o.s.boot.tomcat.TomcatWebServer          : Tomcat initialized with port 0 (http)
2026-06-29T10:03:42.402Z  INFO 9220 --- [Karnam] [           main] o.apache.catalina.core.StandardService   : Starting service [Tomcat]
2026-06-29T10:03:42.403Z  INFO 9220 --- [Karnam] [           main] o.apache.catalina.core.StandardEngine    : Starting Servlet engine: [Apache Tomcat/11.0.21]
2026-06-29T10:03:42.457Z  INFO 9220 --- [Karnam] [           main] b.w.c.s.WebApplicationContextInitializer : Root WebApplicationContext: initialization completed in 895 ms
2026-06-29T10:03:42.817Z  INFO 9220 --- [Karnam] [           main] o.s.boot.tomcat.TomcatWebServer          : Tomcat started on port 41957 (http) with context path '/'
2026-06-29T10:03:42.824Z  INFO 9220 --- [Karnam] [           main] com.example.Karnam.KarnamApplication     : Started KarnamApplication in 1.878 seconds (process running for 2.316)
